<?xml version="1.0" encoding="UTF-8"?>
<testng-results ignored="0" total="1" passed="1" failed="0" skipped="0">
  <reporter-output>
  </reporter-output>
  <suite started-at="2025-12-02T01:09:44 IST" name="Default suite" finished-at="2025-12-02T01:09:55 IST" duration-ms="11950">
    <groups>
    </groups>
    <test started-at="2025-12-02T01:09:44 IST" name="Default test" finished-at="2025-12-02T01:09:55 IST" duration-ms="11950">
      <class name="automationpractice.UploadExcel">
        <test-method is-config="true" signature="openbrowser()[pri:0, instance:automationpractice.UploadExcel@24269709]" started-at="2025-12-02T01:09:44 IST" name="openbrowser" finished-at="2025-12-02T01:09:48 IST" duration-ms="4894" status="PASS">
          <reporter-output>
          </reporter-output>
        </test-method> <!-- openbrowser -->
        <test-method is-config="true" signature="signin()[pri:0, instance:automationpractice.UploadExcel@24269709]" started-at="2025-12-02T01:09:50 IST" name="signin" finished-at="2025-12-02T01:09:55 IST" duration-ms="5049" status="PASS">
          <reporter-output>
          </reporter-output>
        </test-method> <!-- signin -->
        <test-method signature="Login(java.lang.String,java.lang.String)[pri:0, instance:automationpractice.UploadExcel@24269709]" started-at="2025-12-02T01:09:55 IST" name="Login" data-provider="dp" finished-at="2025-12-02T01:09:55 IST" duration-ms="596" status="PASS">
          <params>
            <param index="0">
              <value>
                <![CDATA[Anime]]>
              </value>
            </param>
            <param index="1">
              <value>
                <![CDATA[AnimeRocks]]>
              </value>
            </param>
          </params>
          <reporter-output>
          </reporter-output>
        </test-method> <!-- Login -->
      </class> <!-- automationpractice.UploadExcel -->
    </test> <!-- Default test -->
  </suite> <!-- Default suite -->
</testng-results>
